2024-12-28 22:37:39 [[31merror[39m]: Error en login: Credenciales inválidas {
  "statusCode": 401,
  "isOperational": true,
  "stack": "Error: Credenciales inválidas\n    at login (C:\\Proyectos\\2025\\SIPROD\\apps\\api\\src\\controllers\\auth.controller.ts:24:15)\n    at processTicksAndRejections (node:internal/process/task_queues:105:5)"
}
2024-12-28 22:37:42 [[31merror[39m]: Error en login: Credenciales inválidas {
  "statusCode": 401,
  "isOperational": true,
  "stack": "Error: Credenciales inválidas\n    at login (C:\\Proyectos\\2025\\SIPROD\\apps\\api\\src\\controllers\\auth.controller.ts:24:15)\n    at processTicksAndRejections (node:internal/process/task_queues:105:5)"
}
2024-12-28 22:37:43 [[31merror[39m]: Error en login: Credenciales inválidas {
  "statusCode": 401,
  "isOperational": true,
  "stack": "Error: Credenciales inválidas\n    at login (C:\\Proyectos\\2025\\SIPROD\\apps\\api\\src\\controllers\\auth.controller.ts:24:15)\n    at processTicksAndRejections (node:internal/process/task_queues:105:5)"
}
2024-12-28 22:37:43 [[31merror[39m]: Error en login: Credenciales inválidas {
  "statusCode": 401,
  "isOperational": true,
  "stack": "Error: Credenciales inválidas\n    at login (C:\\Proyectos\\2025\\SIPROD\\apps\\api\\src\\controllers\\auth.controller.ts:24:15)\n    at processTicksAndRejections (node:internal/process/task_queues:105:5)"
}
2024-12-28 22:37:43 [[31merror[39m]: Error en login: Credenciales inválidas {
  "statusCode": 401,
  "isOperational": true,
  "stack": "Error: Credenciales inválidas\n    at login (C:\\Proyectos\\2025\\SIPROD\\apps\\api\\src\\controllers\\auth.controller.ts:24:15)\n    at processTicksAndRejections (node:internal/process/task_queues:105:5)"
}
2024-12-28 22:57:07 [[31merror[39m]: Error en login: Credenciales inválidas {
  "statusCode": 401,
  "isOperational": true,
  "stack": "Error: Credenciales inválidas\n    at login (C:\\Proyectos\\2025\\SIPROD\\apps\\api\\src\\controllers\\auth.controller.ts:24:15)\n    at processTicksAndRejections (node:internal/process/task_queues:105:5)"
}
2024-12-28 23:23:30 [[31merror[39m]: Error en login: Credenciales inválidas {
  "statusCode": 401,
  "isOperational": true,
  "stack": "Error: Credenciales inválidas\n    at login (C:\\Proyectos\\2025\\SIPROD\\apps\\api\\src\\controllers\\auth.controller.ts:34:15)\n    at processTicksAndRejections (node:internal/process/task_queues:105:5)"
}
2024-12-29 01:01:22 [[31merror[39m]: Error en login: Credenciales inválidas {
  "statusCode": 401,
  "isOperational": true,
  "stack": "Error: Credenciales inválidas\n    at login (C:\\Proyectos\\2025\\SIPROD\\apps\\api\\src\\controllers\\auth.controller.ts:34:15)\n    at processTicksAndRejections (node:internal/process/task_queues:105:5)"
}
2024-12-29 01:06:32 [[31merror[39m]: Error en validación de token: Token no proporcionado {
  "statusCode": 401,
  "isOperational": true,
  "stack": "Error: Token no proporcionado\n    at AuthController.validateToken (C:\\Proyectos\\2025\\SIPROD\\apps\\api\\src\\controllers\\auth.controller.ts:82:15)\n    at C:\\Proyectos\\2025\\SIPROD\\apps\\api\\src\\routes\\auth.ts:45:24\n    at C:\\Proyectos\\2025\\SIPROD\\apps\\api\\src\\routes\\auth.ts:22:21\n    at Layer.handle [as handle_request] (C:\\Proyectos\\2025\\SIPROD\\node_modules\\.pnpm\\express@4.21.2\\node_modules\\express\\lib\\router\\layer.js:95:5)\n    at next (C:\\Proyectos\\2025\\SIPROD\\node_modules\\.pnpm\\express@4.21.2\\node_modules\\express\\lib\\router\\route.js:149:13)\n    at Route.dispatch (C:\\Proyectos\\2025\\SIPROD\\node_modules\\.pnpm\\express@4.21.2\\node_modules\\express\\lib\\router\\route.js:119:3)\n    at Layer.handle [as handle_request] (C:\\Proyectos\\2025\\SIPROD\\node_modules\\.pnpm\\express@4.21.2\\node_modules\\express\\lib\\router\\layer.js:95:5)\n    at C:\\Proyectos\\2025\\SIPROD\\node_modules\\.pnpm\\express@4.21.2\\node_modules\\express\\lib\\router\\index.js:284:15\n    at Function.process_params (C:\\Proyectos\\2025\\SIPROD\\node_modules\\.pnpm\\express@4.21.2\\node_modules\\express\\lib\\router\\index.js:346:12)\n    at next (C:\\Proyectos\\2025\\SIPROD\\node_modules\\.pnpm\\express@4.21.2\\node_modules\\express\\lib\\router\\index.js:280:10)"
}
2024-12-29 01:06:32 [[31merror[39m]: Error en validación de token: Token no proporcionado {
  "statusCode": 401,
  "isOperational": true,
  "stack": "Error: Token no proporcionado\n    at AuthController.validateToken (C:\\Proyectos\\2025\\SIPROD\\apps\\api\\src\\controllers\\auth.controller.ts:82:15)\n    at C:\\Proyectos\\2025\\SIPROD\\apps\\api\\src\\routes\\auth.ts:45:24\n    at C:\\Proyectos\\2025\\SIPROD\\apps\\api\\src\\routes\\auth.ts:22:21\n    at Layer.handle [as handle_request] (C:\\Proyectos\\2025\\SIPROD\\node_modules\\.pnpm\\express@4.21.2\\node_modules\\express\\lib\\router\\layer.js:95:5)\n    at next (C:\\Proyectos\\2025\\SIPROD\\node_modules\\.pnpm\\express@4.21.2\\node_modules\\express\\lib\\router\\route.js:149:13)\n    at Route.dispatch (C:\\Proyectos\\2025\\SIPROD\\node_modules\\.pnpm\\express@4.21.2\\node_modules\\express\\lib\\router\\route.js:119:3)\n    at Layer.handle [as handle_request] (C:\\Proyectos\\2025\\SIPROD\\node_modules\\.pnpm\\express@4.21.2\\node_modules\\express\\lib\\router\\layer.js:95:5)\n    at C:\\Proyectos\\2025\\SIPROD\\node_modules\\.pnpm\\express@4.21.2\\node_modules\\express\\lib\\router\\index.js:284:15\n    at Function.process_params (C:\\Proyectos\\2025\\SIPROD\\node_modules\\.pnpm\\express@4.21.2\\node_modules\\express\\lib\\router\\index.js:346:12)\n    at next (C:\\Proyectos\\2025\\SIPROD\\node_modules\\.pnpm\\express@4.21.2\\node_modules\\express\\lib\\router\\index.js:280:10)"
}
2024-12-29 01:06:37 [[31merror[39m]: Error en validación de token: Token no proporcionado {
  "statusCode": 401,
  "isOperational": true,
  "stack": "Error: Token no proporcionado\n    at AuthController.validateToken (C:\\Proyectos\\2025\\SIPROD\\apps\\api\\src\\controllers\\auth.controller.ts:82:15)\n    at C:\\Proyectos\\2025\\SIPROD\\apps\\api\\src\\routes\\auth.ts:45:24\n    at C:\\Proyectos\\2025\\SIPROD\\apps\\api\\src\\routes\\auth.ts:22:21\n    at Layer.handle [as handle_request] (C:\\Proyectos\\2025\\SIPROD\\node_modules\\.pnpm\\express@4.21.2\\node_modules\\express\\lib\\router\\layer.js:95:5)\n    at next (C:\\Proyectos\\2025\\SIPROD\\node_modules\\.pnpm\\express@4.21.2\\node_modules\\express\\lib\\router\\route.js:149:13)\n    at Route.dispatch (C:\\Proyectos\\2025\\SIPROD\\node_modules\\.pnpm\\express@4.21.2\\node_modules\\express\\lib\\router\\route.js:119:3)\n    at Layer.handle [as handle_request] (C:\\Proyectos\\2025\\SIPROD\\node_modules\\.pnpm\\express@4.21.2\\node_modules\\express\\lib\\router\\layer.js:95:5)\n    at C:\\Proyectos\\2025\\SIPROD\\node_modules\\.pnpm\\express@4.21.2\\node_modules\\express\\lib\\router\\index.js:284:15\n    at Function.process_params (C:\\Proyectos\\2025\\SIPROD\\node_modules\\.pnpm\\express@4.21.2\\node_modules\\express\\lib\\router\\index.js:346:12)\n    at next (C:\\Proyectos\\2025\\SIPROD\\node_modules\\.pnpm\\express@4.21.2\\node_modules\\express\\lib\\router\\index.js:280:10)"
}
2024-12-29 01:06:38 [[31merror[39m]: Error en validación de token: Token no proporcionado {
  "statusCode": 401,
  "isOperational": true,
  "stack": "Error: Token no proporcionado\n    at AuthController.validateToken (C:\\Proyectos\\2025\\SIPROD\\apps\\api\\src\\controllers\\auth.controller.ts:82:15)\n    at C:\\Proyectos\\2025\\SIPROD\\apps\\api\\src\\routes\\auth.ts:45:24\n    at C:\\Proyectos\\2025\\SIPROD\\apps\\api\\src\\routes\\auth.ts:22:21\n    at Layer.handle [as handle_request] (C:\\Proyectos\\2025\\SIPROD\\node_modules\\.pnpm\\express@4.21.2\\node_modules\\express\\lib\\router\\layer.js:95:5)\n    at next (C:\\Proyectos\\2025\\SIPROD\\node_modules\\.pnpm\\express@4.21.2\\node_modules\\express\\lib\\router\\route.js:149:13)\n    at Route.dispatch (C:\\Proyectos\\2025\\SIPROD\\node_modules\\.pnpm\\express@4.21.2\\node_modules\\express\\lib\\router\\route.js:119:3)\n    at Layer.handle [as handle_request] (C:\\Proyectos\\2025\\SIPROD\\node_modules\\.pnpm\\express@4.21.2\\node_modules\\express\\lib\\router\\layer.js:95:5)\n    at C:\\Proyectos\\2025\\SIPROD\\node_modules\\.pnpm\\express@4.21.2\\node_modules\\express\\lib\\router\\index.js:284:15\n    at Function.process_params (C:\\Proyectos\\2025\\SIPROD\\node_modules\\.pnpm\\express@4.21.2\\node_modules\\express\\lib\\router\\index.js:346:12)\n    at next (C:\\Proyectos\\2025\\SIPROD\\node_modules\\.pnpm\\express@4.21.2\\node_modules\\express\\lib\\router\\index.js:280:10)"
}
2024-12-29 01:06:41 [[31merror[39m]: Error en validación de token: Token no proporcionado {
  "statusCode": 401,
  "isOperational": true,
  "stack": "Error: Token no proporcionado\n    at AuthController.validateToken (C:\\Proyectos\\2025\\SIPROD\\apps\\api\\src\\controllers\\auth.controller.ts:82:15)\n    at C:\\Proyectos\\2025\\SIPROD\\apps\\api\\src\\routes\\auth.ts:45:24\n    at C:\\Proyectos\\2025\\SIPROD\\apps\\api\\src\\routes\\auth.ts:22:21\n    at Layer.handle [as handle_request] (C:\\Proyectos\\2025\\SIPROD\\node_modules\\.pnpm\\express@4.21.2\\node_modules\\express\\lib\\router\\layer.js:95:5)\n    at next (C:\\Proyectos\\2025\\SIPROD\\node_modules\\.pnpm\\express@4.21.2\\node_modules\\express\\lib\\router\\route.js:149:13)\n    at Route.dispatch (C:\\Proyectos\\2025\\SIPROD\\node_modules\\.pnpm\\express@4.21.2\\node_modules\\express\\lib\\router\\route.js:119:3)\n    at Layer.handle [as handle_request] (C:\\Proyectos\\2025\\SIPROD\\node_modules\\.pnpm\\express@4.21.2\\node_modules\\express\\lib\\router\\layer.js:95:5)\n    at C:\\Proyectos\\2025\\SIPROD\\node_modules\\.pnpm\\express@4.21.2\\node_modules\\express\\lib\\router\\index.js:284:15\n    at Function.process_params (C:\\Proyectos\\2025\\SIPROD\\node_modules\\.pnpm\\express@4.21.2\\node_modules\\express\\lib\\router\\index.js:346:12)\n    at next (C:\\Proyectos\\2025\\SIPROD\\node_modules\\.pnpm\\express@4.21.2\\node_modules\\express\\lib\\router\\index.js:280:10)"
}
2024-12-29 01:06:41 [[31merror[39m]: Error en validación de token: Token no proporcionado {
  "statusCode": 401,
  "isOperational": true,
  "stack": "Error: Token no proporcionado\n    at AuthController.validateToken (C:\\Proyectos\\2025\\SIPROD\\apps\\api\\src\\controllers\\auth.controller.ts:82:15)\n    at C:\\Proyectos\\2025\\SIPROD\\apps\\api\\src\\routes\\auth.ts:45:24\n    at C:\\Proyectos\\2025\\SIPROD\\apps\\api\\src\\routes\\auth.ts:22:21\n    at Layer.handle [as handle_request] (C:\\Proyectos\\2025\\SIPROD\\node_modules\\.pnpm\\express@4.21.2\\node_modules\\express\\lib\\router\\layer.js:95:5)\n    at next (C:\\Proyectos\\2025\\SIPROD\\node_modules\\.pnpm\\express@4.21.2\\node_modules\\express\\lib\\router\\route.js:149:13)\n    at Route.dispatch (C:\\Proyectos\\2025\\SIPROD\\node_modules\\.pnpm\\express@4.21.2\\node_modules\\express\\lib\\router\\route.js:119:3)\n    at Layer.handle [as handle_request] (C:\\Proyectos\\2025\\SIPROD\\node_modules\\.pnpm\\express@4.21.2\\node_modules\\express\\lib\\router\\layer.js:95:5)\n    at C:\\Proyectos\\2025\\SIPROD\\node_modules\\.pnpm\\express@4.21.2\\node_modules\\express\\lib\\router\\index.js:284:15\n    at Function.process_params (C:\\Proyectos\\2025\\SIPROD\\node_modules\\.pnpm\\express@4.21.2\\node_modules\\express\\lib\\router\\index.js:346:12)\n    at next (C:\\Proyectos\\2025\\SIPROD\\node_modules\\.pnpm\\express@4.21.2\\node_modules\\express\\lib\\router\\index.js:280:10)"
}
2024-12-29 01:06:46 [[31merror[39m]: Error en validación de token: Token no proporcionado {
  "statusCode": 401,
  "isOperational": true,
  "stack": "Error: Token no proporcionado\n    at AuthController.validateToken (C:\\Proyectos\\2025\\SIPROD\\apps\\api\\src\\controllers\\auth.controller.ts:82:15)\n    at C:\\Proyectos\\2025\\SIPROD\\apps\\api\\src\\routes\\auth.ts:45:24\n    at C:\\Proyectos\\2025\\SIPROD\\apps\\api\\src\\routes\\auth.ts:22:21\n    at Layer.handle [as handle_request] (C:\\Proyectos\\2025\\SIPROD\\node_modules\\.pnpm\\express@4.21.2\\node_modules\\express\\lib\\router\\layer.js:95:5)\n    at next (C:\\Proyectos\\2025\\SIPROD\\node_modules\\.pnpm\\express@4.21.2\\node_modules\\express\\lib\\router\\route.js:149:13)\n    at Route.dispatch (C:\\Proyectos\\2025\\SIPROD\\node_modules\\.pnpm\\express@4.21.2\\node_modules\\express\\lib\\router\\route.js:119:3)\n    at Layer.handle [as handle_request] (C:\\Proyectos\\2025\\SIPROD\\node_modules\\.pnpm\\express@4.21.2\\node_modules\\express\\lib\\router\\layer.js:95:5)\n    at C:\\Proyectos\\2025\\SIPROD\\node_modules\\.pnpm\\express@4.21.2\\node_modules\\express\\lib\\router\\index.js:284:15\n    at Function.process_params (C:\\Proyectos\\2025\\SIPROD\\node_modules\\.pnpm\\express@4.21.2\\node_modules\\express\\lib\\router\\index.js:346:12)\n    at next (C:\\Proyectos\\2025\\SIPROD\\node_modules\\.pnpm\\express@4.21.2\\node_modules\\express\\lib\\router\\index.js:280:10)"
}
2024-12-29 01:06:46 [[31merror[39m]: Error en validación de token: Token no proporcionado {
  "statusCode": 401,
  "isOperational": true,
  "stack": "Error: Token no proporcionado\n    at AuthController.validateToken (C:\\Proyectos\\2025\\SIPROD\\apps\\api\\src\\controllers\\auth.controller.ts:82:15)\n    at C:\\Proyectos\\2025\\SIPROD\\apps\\api\\src\\routes\\auth.ts:45:24\n    at C:\\Proyectos\\2025\\SIPROD\\apps\\api\\src\\routes\\auth.ts:22:21\n    at Layer.handle [as handle_request] (C:\\Proyectos\\2025\\SIPROD\\node_modules\\.pnpm\\express@4.21.2\\node_modules\\express\\lib\\router\\layer.js:95:5)\n    at next (C:\\Proyectos\\2025\\SIPROD\\node_modules\\.pnpm\\express@4.21.2\\node_modules\\express\\lib\\router\\route.js:149:13)\n    at Route.dispatch (C:\\Proyectos\\2025\\SIPROD\\node_modules\\.pnpm\\express@4.21.2\\node_modules\\express\\lib\\router\\route.js:119:3)\n    at Layer.handle [as handle_request] (C:\\Proyectos\\2025\\SIPROD\\node_modules\\.pnpm\\express@4.21.2\\node_modules\\express\\lib\\router\\layer.js:95:5)\n    at C:\\Proyectos\\2025\\SIPROD\\node_modules\\.pnpm\\express@4.21.2\\node_modules\\express\\lib\\router\\index.js:284:15\n    at Function.process_params (C:\\Proyectos\\2025\\SIPROD\\node_modules\\.pnpm\\express@4.21.2\\node_modules\\express\\lib\\router\\index.js:346:12)\n    at next (C:\\Proyectos\\2025\\SIPROD\\node_modules\\.pnpm\\express@4.21.2\\node_modules\\express\\lib\\router\\index.js:280:10)"
}
2024-12-29 01:06:48 [[31merror[39m]: Error en validación de token: Token no proporcionado {
  "statusCode": 401,
  "isOperational": true,
  "stack": "Error: Token no proporcionado\n    at AuthController.validateToken (C:\\Proyectos\\2025\\SIPROD\\apps\\api\\src\\controllers\\auth.controller.ts:82:15)\n    at C:\\Proyectos\\2025\\SIPROD\\apps\\api\\src\\routes\\auth.ts:45:24\n    at C:\\Proyectos\\2025\\SIPROD\\apps\\api\\src\\routes\\auth.ts:22:21\n    at Layer.handle [as handle_request] (C:\\Proyectos\\2025\\SIPROD\\node_modules\\.pnpm\\express@4.21.2\\node_modules\\express\\lib\\router\\layer.js:95:5)\n    at next (C:\\Proyectos\\2025\\SIPROD\\node_modules\\.pnpm\\express@4.21.2\\node_modules\\express\\lib\\router\\route.js:149:13)\n    at Route.dispatch (C:\\Proyectos\\2025\\SIPROD\\node_modules\\.pnpm\\express@4.21.2\\node_modules\\express\\lib\\router\\route.js:119:3)\n    at Layer.handle [as handle_request] (C:\\Proyectos\\2025\\SIPROD\\node_modules\\.pnpm\\express@4.21.2\\node_modules\\express\\lib\\router\\layer.js:95:5)\n    at C:\\Proyectos\\2025\\SIPROD\\node_modules\\.pnpm\\express@4.21.2\\node_modules\\express\\lib\\router\\index.js:284:15\n    at Function.process_params (C:\\Proyectos\\2025\\SIPROD\\node_modules\\.pnpm\\express@4.21.2\\node_modules\\express\\lib\\router\\index.js:346:12)\n    at next (C:\\Proyectos\\2025\\SIPROD\\node_modules\\.pnpm\\express@4.21.2\\node_modules\\express\\lib\\router\\index.js:280:10)"
}
2024-12-29 01:06:48 [[31merror[39m]: Error en validación de token: Token no proporcionado {
  "statusCode": 401,
  "isOperational": true,
  "stack": "Error: Token no proporcionado\n    at AuthController.validateToken (C:\\Proyectos\\2025\\SIPROD\\apps\\api\\src\\controllers\\auth.controller.ts:82:15)\n    at C:\\Proyectos\\2025\\SIPROD\\apps\\api\\src\\routes\\auth.ts:45:24\n    at C:\\Proyectos\\2025\\SIPROD\\apps\\api\\src\\routes\\auth.ts:22:21\n    at Layer.handle [as handle_request] (C:\\Proyectos\\2025\\SIPROD\\node_modules\\.pnpm\\express@4.21.2\\node_modules\\express\\lib\\router\\layer.js:95:5)\n    at next (C:\\Proyectos\\2025\\SIPROD\\node_modules\\.pnpm\\express@4.21.2\\node_modules\\express\\lib\\router\\route.js:149:13)\n    at Route.dispatch (C:\\Proyectos\\2025\\SIPROD\\node_modules\\.pnpm\\express@4.21.2\\node_modules\\express\\lib\\router\\route.js:119:3)\n    at Layer.handle [as handle_request] (C:\\Proyectos\\2025\\SIPROD\\node_modules\\.pnpm\\express@4.21.2\\node_modules\\express\\lib\\router\\layer.js:95:5)\n    at C:\\Proyectos\\2025\\SIPROD\\node_modules\\.pnpm\\express@4.21.2\\node_modules\\express\\lib\\router\\index.js:284:15\n    at Function.process_params (C:\\Proyectos\\2025\\SIPROD\\node_modules\\.pnpm\\express@4.21.2\\node_modules\\express\\lib\\router\\index.js:346:12)\n    at next (C:\\Proyectos\\2025\\SIPROD\\node_modules\\.pnpm\\express@4.21.2\\node_modules\\express\\lib\\router\\index.js:280:10)"
}
2024-12-29 01:06:50 [[31merror[39m]: Error en validación de token: Token no proporcionado {
  "statusCode": 401,
  "isOperational": true,
  "stack": "Error: Token no proporcionado\n    at AuthController.validateToken (C:\\Proyectos\\2025\\SIPROD\\apps\\api\\src\\controllers\\auth.controller.ts:82:15)\n    at C:\\Proyectos\\2025\\SIPROD\\apps\\api\\src\\routes\\auth.ts:45:24\n    at C:\\Proyectos\\2025\\SIPROD\\apps\\api\\src\\routes\\auth.ts:22:21\n    at Layer.handle [as handle_request] (C:\\Proyectos\\2025\\SIPROD\\node_modules\\.pnpm\\express@4.21.2\\node_modules\\express\\lib\\router\\layer.js:95:5)\n    at next (C:\\Proyectos\\2025\\SIPROD\\node_modules\\.pnpm\\express@4.21.2\\node_modules\\express\\lib\\router\\route.js:149:13)\n    at Route.dispatch (C:\\Proyectos\\2025\\SIPROD\\node_modules\\.pnpm\\express@4.21.2\\node_modules\\express\\lib\\router\\route.js:119:3)\n    at Layer.handle [as handle_request] (C:\\Proyectos\\2025\\SIPROD\\node_modules\\.pnpm\\express@4.21.2\\node_modules\\express\\lib\\router\\layer.js:95:5)\n    at C:\\Proyectos\\2025\\SIPROD\\node_modules\\.pnpm\\express@4.21.2\\node_modules\\express\\lib\\router\\index.js:284:15\n    at Function.process_params (C:\\Proyectos\\2025\\SIPROD\\node_modules\\.pnpm\\express@4.21.2\\node_modules\\express\\lib\\router\\index.js:346:12)\n    at next (C:\\Proyectos\\2025\\SIPROD\\node_modules\\.pnpm\\express@4.21.2\\node_modules\\express\\lib\\router\\index.js:280:10)"
}
2024-12-29 01:06:50 [[31merror[39m]: Error en validación de token: Token no proporcionado {
  "statusCode": 401,
  "isOperational": true,
  "stack": "Error: Token no proporcionado\n    at AuthController.validateToken (C:\\Proyectos\\2025\\SIPROD\\apps\\api\\src\\controllers\\auth.controller.ts:82:15)\n    at C:\\Proyectos\\2025\\SIPROD\\apps\\api\\src\\routes\\auth.ts:45:24\n    at C:\\Proyectos\\2025\\SIPROD\\apps\\api\\src\\routes\\auth.ts:22:21\n    at Layer.handle [as handle_request] (C:\\Proyectos\\2025\\SIPROD\\node_modules\\.pnpm\\express@4.21.2\\node_modules\\express\\lib\\router\\layer.js:95:5)\n    at next (C:\\Proyectos\\2025\\SIPROD\\node_modules\\.pnpm\\express@4.21.2\\node_modules\\express\\lib\\router\\route.js:149:13)\n    at Route.dispatch (C:\\Proyectos\\2025\\SIPROD\\node_modules\\.pnpm\\express@4.21.2\\node_modules\\express\\lib\\router\\route.js:119:3)\n    at Layer.handle [as handle_request] (C:\\Proyectos\\2025\\SIPROD\\node_modules\\.pnpm\\express@4.21.2\\node_modules\\express\\lib\\router\\layer.js:95:5)\n    at C:\\Proyectos\\2025\\SIPROD\\node_modules\\.pnpm\\express@4.21.2\\node_modules\\express\\lib\\router\\index.js:284:15\n    at Function.process_params (C:\\Proyectos\\2025\\SIPROD\\node_modules\\.pnpm\\express@4.21.2\\node_modules\\express\\lib\\router\\index.js:346:12)\n    at next (C:\\Proyectos\\2025\\SIPROD\\node_modules\\.pnpm\\express@4.21.2\\node_modules\\express\\lib\\router\\index.js:280:10)"
}
2024-12-29 01:06:52 [[31merror[39m]: Error en validación de token: Token no proporcionado {
  "statusCode": 401,
  "isOperational": true,
  "stack": "Error: Token no proporcionado\n    at AuthController.validateToken (C:\\Proyectos\\2025\\SIPROD\\apps\\api\\src\\controllers\\auth.controller.ts:82:15)\n    at C:\\Proyectos\\2025\\SIPROD\\apps\\api\\src\\routes\\auth.ts:45:24\n    at C:\\Proyectos\\2025\\SIPROD\\apps\\api\\src\\routes\\auth.ts:22:21\n    at Layer.handle [as handle_request] (C:\\Proyectos\\2025\\SIPROD\\node_modules\\.pnpm\\express@4.21.2\\node_modules\\express\\lib\\router\\layer.js:95:5)\n    at next (C:\\Proyectos\\2025\\SIPROD\\node_modules\\.pnpm\\express@4.21.2\\node_modules\\express\\lib\\router\\route.js:149:13)\n    at Route.dispatch (C:\\Proyectos\\2025\\SIPROD\\node_modules\\.pnpm\\express@4.21.2\\node_modules\\express\\lib\\router\\route.js:119:3)\n    at Layer.handle [as handle_request] (C:\\Proyectos\\2025\\SIPROD\\node_modules\\.pnpm\\express@4.21.2\\node_modules\\express\\lib\\router\\layer.js:95:5)\n    at C:\\Proyectos\\2025\\SIPROD\\node_modules\\.pnpm\\express@4.21.2\\node_modules\\express\\lib\\router\\index.js:284:15\n    at Function.process_params (C:\\Proyectos\\2025\\SIPROD\\node_modules\\.pnpm\\express@4.21.2\\node_modules\\express\\lib\\router\\index.js:346:12)\n    at next (C:\\Proyectos\\2025\\SIPROD\\node_modules\\.pnpm\\express@4.21.2\\node_modules\\express\\lib\\router\\index.js:280:10)"
}
2024-12-29 01:06:52 [[31merror[39m]: Error en validación de token: Token no proporcionado {
  "statusCode": 401,
  "isOperational": true,
  "stack": "Error: Token no proporcionado\n    at AuthController.validateToken (C:\\Proyectos\\2025\\SIPROD\\apps\\api\\src\\controllers\\auth.controller.ts:82:15)\n    at C:\\Proyectos\\2025\\SIPROD\\apps\\api\\src\\routes\\auth.ts:45:24\n    at C:\\Proyectos\\2025\\SIPROD\\apps\\api\\src\\routes\\auth.ts:22:21\n    at Layer.handle [as handle_request] (C:\\Proyectos\\2025\\SIPROD\\node_modules\\.pnpm\\express@4.21.2\\node_modules\\express\\lib\\router\\layer.js:95:5)\n    at next (C:\\Proyectos\\2025\\SIPROD\\node_modules\\.pnpm\\express@4.21.2\\node_modules\\express\\lib\\router\\route.js:149:13)\n    at Route.dispatch (C:\\Proyectos\\2025\\SIPROD\\node_modules\\.pnpm\\express@4.21.2\\node_modules\\express\\lib\\router\\route.js:119:3)\n    at Layer.handle [as handle_request] (C:\\Proyectos\\2025\\SIPROD\\node_modules\\.pnpm\\express@4.21.2\\node_modules\\express\\lib\\router\\layer.js:95:5)\n    at C:\\Proyectos\\2025\\SIPROD\\node_modules\\.pnpm\\express@4.21.2\\node_modules\\express\\lib\\router\\index.js:284:15\n    at Function.process_params (C:\\Proyectos\\2025\\SIPROD\\node_modules\\.pnpm\\express@4.21.2\\node_modules\\express\\lib\\router\\index.js:346:12)\n    at next (C:\\Proyectos\\2025\\SIPROD\\node_modules\\.pnpm\\express@4.21.2\\node_modules\\express\\lib\\router\\index.js:280:10)"
}
2024-12-29 01:06:54 [[31merror[39m]: Error en validación de token: Token no proporcionado {
  "statusCode": 401,
  "isOperational": true,
  "stack": "Error: Token no proporcionado\n    at AuthController.validateToken (C:\\Proyectos\\2025\\SIPROD\\apps\\api\\src\\controllers\\auth.controller.ts:82:15)\n    at C:\\Proyectos\\2025\\SIPROD\\apps\\api\\src\\routes\\auth.ts:45:24\n    at C:\\Proyectos\\2025\\SIPROD\\apps\\api\\src\\routes\\auth.ts:22:21\n    at Layer.handle [as handle_request] (C:\\Proyectos\\2025\\SIPROD\\node_modules\\.pnpm\\express@4.21.2\\node_modules\\express\\lib\\router\\layer.js:95:5)\n    at next (C:\\Proyectos\\2025\\SIPROD\\node_modules\\.pnpm\\express@4.21.2\\node_modules\\express\\lib\\router\\route.js:149:13)\n    at Route.dispatch (C:\\Proyectos\\2025\\SIPROD\\node_modules\\.pnpm\\express@4.21.2\\node_modules\\express\\lib\\router\\route.js:119:3)\n    at Layer.handle [as handle_request] (C:\\Proyectos\\2025\\SIPROD\\node_modules\\.pnpm\\express@4.21.2\\node_modules\\express\\lib\\router\\layer.js:95:5)\n    at C:\\Proyectos\\2025\\SIPROD\\node_modules\\.pnpm\\express@4.21.2\\node_modules\\express\\lib\\router\\index.js:284:15\n    at Function.process_params (C:\\Proyectos\\2025\\SIPROD\\node_modules\\.pnpm\\express@4.21.2\\node_modules\\express\\lib\\router\\index.js:346:12)\n    at next (C:\\Proyectos\\2025\\SIPROD\\node_modules\\.pnpm\\express@4.21.2\\node_modules\\express\\lib\\router\\index.js:280:10)"
}
2024-12-29 01:06:54 [[31merror[39m]: Error en validación de token: Token no proporcionado {
  "statusCode": 401,
  "isOperational": true,
  "stack": "Error: Token no proporcionado\n    at AuthController.validateToken (C:\\Proyectos\\2025\\SIPROD\\apps\\api\\src\\controllers\\auth.controller.ts:82:15)\n    at C:\\Proyectos\\2025\\SIPROD\\apps\\api\\src\\routes\\auth.ts:45:24\n    at C:\\Proyectos\\2025\\SIPROD\\apps\\api\\src\\routes\\auth.ts:22:21\n    at Layer.handle [as handle_request] (C:\\Proyectos\\2025\\SIPROD\\node_modules\\.pnpm\\express@4.21.2\\node_modules\\express\\lib\\router\\layer.js:95:5)\n    at next (C:\\Proyectos\\2025\\SIPROD\\node_modules\\.pnpm\\express@4.21.2\\node_modules\\express\\lib\\router\\route.js:149:13)\n    at Route.dispatch (C:\\Proyectos\\2025\\SIPROD\\node_modules\\.pnpm\\express@4.21.2\\node_modules\\express\\lib\\router\\route.js:119:3)\n    at Layer.handle [as handle_request] (C:\\Proyectos\\2025\\SIPROD\\node_modules\\.pnpm\\express@4.21.2\\node_modules\\express\\lib\\router\\layer.js:95:5)\n    at C:\\Proyectos\\2025\\SIPROD\\node_modules\\.pnpm\\express@4.21.2\\node_modules\\express\\lib\\router\\index.js:284:15\n    at Function.process_params (C:\\Proyectos\\2025\\SIPROD\\node_modules\\.pnpm\\express@4.21.2\\node_modules\\express\\lib\\router\\index.js:346:12)\n    at next (C:\\Proyectos\\2025\\SIPROD\\node_modules\\.pnpm\\express@4.21.2\\node_modules\\express\\lib\\router\\index.js:280:10)"
}
2024-12-29 01:06:56 [[31merror[39m]: Error en validación de token: Token no proporcionado {
  "statusCode": 401,
  "isOperational": true,
  "stack": "Error: Token no proporcionado\n    at AuthController.validateToken (C:\\Proyectos\\2025\\SIPROD\\apps\\api\\src\\controllers\\auth.controller.ts:82:15)\n    at C:\\Proyectos\\2025\\SIPROD\\apps\\api\\src\\routes\\auth.ts:45:24\n    at C:\\Proyectos\\2025\\SIPROD\\apps\\api\\src\\routes\\auth.ts:22:21\n    at Layer.handle [as handle_request] (C:\\Proyectos\\2025\\SIPROD\\node_modules\\.pnpm\\express@4.21.2\\node_modules\\express\\lib\\router\\layer.js:95:5)\n    at next (C:\\Proyectos\\2025\\SIPROD\\node_modules\\.pnpm\\express@4.21.2\\node_modules\\express\\lib\\router\\route.js:149:13)\n    at Route.dispatch (C:\\Proyectos\\2025\\SIPROD\\node_modules\\.pnpm\\express@4.21.2\\node_modules\\express\\lib\\router\\route.js:119:3)\n    at Layer.handle [as handle_request] (C:\\Proyectos\\2025\\SIPROD\\node_modules\\.pnpm\\express@4.21.2\\node_modules\\express\\lib\\router\\layer.js:95:5)\n    at C:\\Proyectos\\2025\\SIPROD\\node_modules\\.pnpm\\express@4.21.2\\node_modules\\express\\lib\\router\\index.js:284:15\n    at Function.process_params (C:\\Proyectos\\2025\\SIPROD\\node_modules\\.pnpm\\express@4.21.2\\node_modules\\express\\lib\\router\\index.js:346:12)\n    at next (C:\\Proyectos\\2025\\SIPROD\\node_modules\\.pnpm\\express@4.21.2\\node_modules\\express\\lib\\router\\index.js:280:10)"
}
2024-12-29 01:06:56 [[31merror[39m]: Error en validación de token: Token no proporcionado {
  "statusCode": 401,
  "isOperational": true,
  "stack": "Error: Token no proporcionado\n    at AuthController.validateToken (C:\\Proyectos\\2025\\SIPROD\\apps\\api\\src\\controllers\\auth.controller.ts:82:15)\n    at C:\\Proyectos\\2025\\SIPROD\\apps\\api\\src\\routes\\auth.ts:45:24\n    at C:\\Proyectos\\2025\\SIPROD\\apps\\api\\src\\routes\\auth.ts:22:21\n    at Layer.handle [as handle_request] (C:\\Proyectos\\2025\\SIPROD\\node_modules\\.pnpm\\express@4.21.2\\node_modules\\express\\lib\\router\\layer.js:95:5)\n    at next (C:\\Proyectos\\2025\\SIPROD\\node_modules\\.pnpm\\express@4.21.2\\node_modules\\express\\lib\\router\\route.js:149:13)\n    at Route.dispatch (C:\\Proyectos\\2025\\SIPROD\\node_modules\\.pnpm\\express@4.21.2\\node_modules\\express\\lib\\router\\route.js:119:3)\n    at Layer.handle [as handle_request] (C:\\Proyectos\\2025\\SIPROD\\node_modules\\.pnpm\\express@4.21.2\\node_modules\\express\\lib\\router\\layer.js:95:5)\n    at C:\\Proyectos\\2025\\SIPROD\\node_modules\\.pnpm\\express@4.21.2\\node_modules\\express\\lib\\router\\index.js:284:15\n    at Function.process_params (C:\\Proyectos\\2025\\SIPROD\\node_modules\\.pnpm\\express@4.21.2\\node_modules\\express\\lib\\router\\index.js:346:12)\n    at next (C:\\Proyectos\\2025\\SIPROD\\node_modules\\.pnpm\\express@4.21.2\\node_modules\\express\\lib\\router\\index.js:280:10)"
}
2024-12-29 01:06:57 [[31merror[39m]: Error en validación de token: Token no proporcionado {
  "statusCode": 401,
  "isOperational": true,
  "stack": "Error: Token no proporcionado\n    at AuthController.validateToken (C:\\Proyectos\\2025\\SIPROD\\apps\\api\\src\\controllers\\auth.controller.ts:82:15)\n    at C:\\Proyectos\\2025\\SIPROD\\apps\\api\\src\\routes\\auth.ts:45:24\n    at C:\\Proyectos\\2025\\SIPROD\\apps\\api\\src\\routes\\auth.ts:22:21\n    at Layer.handle [as handle_request] (C:\\Proyectos\\2025\\SIPROD\\node_modules\\.pnpm\\express@4.21.2\\node_modules\\express\\lib\\router\\layer.js:95:5)\n    at next (C:\\Proyectos\\2025\\SIPROD\\node_modules\\.pnpm\\express@4.21.2\\node_modules\\express\\lib\\router\\route.js:149:13)\n    at Route.dispatch (C:\\Proyectos\\2025\\SIPROD\\node_modules\\.pnpm\\express@4.21.2\\node_modules\\express\\lib\\router\\route.js:119:3)\n    at Layer.handle [as handle_request] (C:\\Proyectos\\2025\\SIPROD\\node_modules\\.pnpm\\express@4.21.2\\node_modules\\express\\lib\\router\\layer.js:95:5)\n    at C:\\Proyectos\\2025\\SIPROD\\node_modules\\.pnpm\\express@4.21.2\\node_modules\\express\\lib\\router\\index.js:284:15\n    at Function.process_params (C:\\Proyectos\\2025\\SIPROD\\node_modules\\.pnpm\\express@4.21.2\\node_modules\\express\\lib\\router\\index.js:346:12)\n    at next (C:\\Proyectos\\2025\\SIPROD\\node_modules\\.pnpm\\express@4.21.2\\node_modules\\express\\lib\\router\\index.js:280:10)"
}
2024-12-29 01:06:57 [[31merror[39m]: Error en validación de token: Token no proporcionado {
  "statusCode": 401,
  "isOperational": true,
  "stack": "Error: Token no proporcionado\n    at AuthController.validateToken (C:\\Proyectos\\2025\\SIPROD\\apps\\api\\src\\controllers\\auth.controller.ts:82:15)\n    at C:\\Proyectos\\2025\\SIPROD\\apps\\api\\src\\routes\\auth.ts:45:24\n    at C:\\Proyectos\\2025\\SIPROD\\apps\\api\\src\\routes\\auth.ts:22:21\n    at Layer.handle [as handle_request] (C:\\Proyectos\\2025\\SIPROD\\node_modules\\.pnpm\\express@4.21.2\\node_modules\\express\\lib\\router\\layer.js:95:5)\n    at next (C:\\Proyectos\\2025\\SIPROD\\node_modules\\.pnpm\\express@4.21.2\\node_modules\\express\\lib\\router\\route.js:149:13)\n    at Route.dispatch (C:\\Proyectos\\2025\\SIPROD\\node_modules\\.pnpm\\express@4.21.2\\node_modules\\express\\lib\\router\\route.js:119:3)\n    at Layer.handle [as handle_request] (C:\\Proyectos\\2025\\SIPROD\\node_modules\\.pnpm\\express@4.21.2\\node_modules\\express\\lib\\router\\layer.js:95:5)\n    at C:\\Proyectos\\2025\\SIPROD\\node_modules\\.pnpm\\express@4.21.2\\node_modules\\express\\lib\\router\\index.js:284:15\n    at Function.process_params (C:\\Proyectos\\2025\\SIPROD\\node_modules\\.pnpm\\express@4.21.2\\node_modules\\express\\lib\\router\\index.js:346:12)\n    at next (C:\\Proyectos\\2025\\SIPROD\\node_modules\\.pnpm\\express@4.21.2\\node_modules\\express\\lib\\router\\index.js:280:10)"
}
2024-12-29 01:06:59 [[31merror[39m]: Error en validación de token: Token no proporcionado {
  "statusCode": 401,
  "isOperational": true,
  "stack": "Error: Token no proporcionado\n    at AuthController.validateToken (C:\\Proyectos\\2025\\SIPROD\\apps\\api\\src\\controllers\\auth.controller.ts:82:15)\n    at C:\\Proyectos\\2025\\SIPROD\\apps\\api\\src\\routes\\auth.ts:45:24\n    at C:\\Proyectos\\2025\\SIPROD\\apps\\api\\src\\routes\\auth.ts:22:21\n    at Layer.handle [as handle_request] (C:\\Proyectos\\2025\\SIPROD\\node_modules\\.pnpm\\express@4.21.2\\node_modules\\express\\lib\\router\\layer.js:95:5)\n    at next (C:\\Proyectos\\2025\\SIPROD\\node_modules\\.pnpm\\express@4.21.2\\node_modules\\express\\lib\\router\\route.js:149:13)\n    at Route.dispatch (C:\\Proyectos\\2025\\SIPROD\\node_modules\\.pnpm\\express@4.21.2\\node_modules\\express\\lib\\router\\route.js:119:3)\n    at Layer.handle [as handle_request] (C:\\Proyectos\\2025\\SIPROD\\node_modules\\.pnpm\\express@4.21.2\\node_modules\\express\\lib\\router\\layer.js:95:5)\n    at C:\\Proyectos\\2025\\SIPROD\\node_modules\\.pnpm\\express@4.21.2\\node_modules\\express\\lib\\router\\index.js:284:15\n    at Function.process_params (C:\\Proyectos\\2025\\SIPROD\\node_modules\\.pnpm\\express@4.21.2\\node_modules\\express\\lib\\router\\index.js:346:12)\n    at next (C:\\Proyectos\\2025\\SIPROD\\node_modules\\.pnpm\\express@4.21.2\\node_modules\\express\\lib\\router\\index.js:280:10)"
}
2024-12-29 01:06:59 [[31merror[39m]: Error en validación de token: Token no proporcionado {
  "statusCode": 401,
  "isOperational": true,
  "stack": "Error: Token no proporcionado\n    at AuthController.validateToken (C:\\Proyectos\\2025\\SIPROD\\apps\\api\\src\\controllers\\auth.controller.ts:82:15)\n    at C:\\Proyectos\\2025\\SIPROD\\apps\\api\\src\\routes\\auth.ts:45:24\n    at C:\\Proyectos\\2025\\SIPROD\\apps\\api\\src\\routes\\auth.ts:22:21\n    at Layer.handle [as handle_request] (C:\\Proyectos\\2025\\SIPROD\\node_modules\\.pnpm\\express@4.21.2\\node_modules\\express\\lib\\router\\layer.js:95:5)\n    at next (C:\\Proyectos\\2025\\SIPROD\\node_modules\\.pnpm\\express@4.21.2\\node_modules\\express\\lib\\router\\route.js:149:13)\n    at Route.dispatch (C:\\Proyectos\\2025\\SIPROD\\node_modules\\.pnpm\\express@4.21.2\\node_modules\\express\\lib\\router\\route.js:119:3)\n    at Layer.handle [as handle_request] (C:\\Proyectos\\2025\\SIPROD\\node_modules\\.pnpm\\express@4.21.2\\node_modules\\express\\lib\\router\\layer.js:95:5)\n    at C:\\Proyectos\\2025\\SIPROD\\node_modules\\.pnpm\\express@4.21.2\\node_modules\\express\\lib\\router\\index.js:284:15\n    at Function.process_params (C:\\Proyectos\\2025\\SIPROD\\node_modules\\.pnpm\\express@4.21.2\\node_modules\\express\\lib\\router\\index.js:346:12)\n    at next (C:\\Proyectos\\2025\\SIPROD\\node_modules\\.pnpm\\express@4.21.2\\node_modules\\express\\lib\\router\\index.js:280:10)"
}
2024-12-29 01:07:01 [[31merror[39m]: Error en validación de token: Token no proporcionado {
  "statusCode": 401,
  "isOperational": true,
  "stack": "Error: Token no proporcionado\n    at AuthController.validateToken (C:\\Proyectos\\2025\\SIPROD\\apps\\api\\src\\controllers\\auth.controller.ts:82:15)\n    at C:\\Proyectos\\2025\\SIPROD\\apps\\api\\src\\routes\\auth.ts:45:24\n    at C:\\Proyectos\\2025\\SIPROD\\apps\\api\\src\\routes\\auth.ts:22:21\n    at Layer.handle [as handle_request] (C:\\Proyectos\\2025\\SIPROD\\node_modules\\.pnpm\\express@4.21.2\\node_modules\\express\\lib\\router\\layer.js:95:5)\n    at next (C:\\Proyectos\\2025\\SIPROD\\node_modules\\.pnpm\\express@4.21.2\\node_modules\\express\\lib\\router\\route.js:149:13)\n    at Route.dispatch (C:\\Proyectos\\2025\\SIPROD\\node_modules\\.pnpm\\express@4.21.2\\node_modules\\express\\lib\\router\\route.js:119:3)\n    at Layer.handle [as handle_request] (C:\\Proyectos\\2025\\SIPROD\\node_modules\\.pnpm\\express@4.21.2\\node_modules\\express\\lib\\router\\layer.js:95:5)\n    at C:\\Proyectos\\2025\\SIPROD\\node_modules\\.pnpm\\express@4.21.2\\node_modules\\express\\lib\\router\\index.js:284:15\n    at Function.process_params (C:\\Proyectos\\2025\\SIPROD\\node_modules\\.pnpm\\express@4.21.2\\node_modules\\express\\lib\\router\\index.js:346:12)\n    at next (C:\\Proyectos\\2025\\SIPROD\\node_modules\\.pnpm\\express@4.21.2\\node_modules\\express\\lib\\router\\index.js:280:10)"
}
2024-12-29 01:07:01 [[31merror[39m]: Error en validación de token: Token no proporcionado {
  "statusCode": 401,
  "isOperational": true,
  "stack": "Error: Token no proporcionado\n    at AuthController.validateToken (C:\\Proyectos\\2025\\SIPROD\\apps\\api\\src\\controllers\\auth.controller.ts:82:15)\n    at C:\\Proyectos\\2025\\SIPROD\\apps\\api\\src\\routes\\auth.ts:45:24\n    at C:\\Proyectos\\2025\\SIPROD\\apps\\api\\src\\routes\\auth.ts:22:21\n    at Layer.handle [as handle_request] (C:\\Proyectos\\2025\\SIPROD\\node_modules\\.pnpm\\express@4.21.2\\node_modules\\express\\lib\\router\\layer.js:95:5)\n    at next (C:\\Proyectos\\2025\\SIPROD\\node_modules\\.pnpm\\express@4.21.2\\node_modules\\express\\lib\\router\\route.js:149:13)\n    at Route.dispatch (C:\\Proyectos\\2025\\SIPROD\\node_modules\\.pnpm\\express@4.21.2\\node_modules\\express\\lib\\router\\route.js:119:3)\n    at Layer.handle [as handle_request] (C:\\Proyectos\\2025\\SIPROD\\node_modules\\.pnpm\\express@4.21.2\\node_modules\\express\\lib\\router\\layer.js:95:5)\n    at C:\\Proyectos\\2025\\SIPROD\\node_modules\\.pnpm\\express@4.21.2\\node_modules\\express\\lib\\router\\index.js:284:15\n    at Function.process_params (C:\\Proyectos\\2025\\SIPROD\\node_modules\\.pnpm\\express@4.21.2\\node_modules\\express\\lib\\router\\index.js:346:12)\n    at next (C:\\Proyectos\\2025\\SIPROD\\node_modules\\.pnpm\\express@4.21.2\\node_modules\\express\\lib\\router\\index.js:280:10)"
}
2024-12-29 01:07:03 [[31merror[39m]: Error en validación de token: Token no proporcionado {
  "statusCode": 401,
  "isOperational": true,
  "stack": "Error: Token no proporcionado\n    at AuthController.validateToken (C:\\Proyectos\\2025\\SIPROD\\apps\\api\\src\\controllers\\auth.controller.ts:82:15)\n    at C:\\Proyectos\\2025\\SIPROD\\apps\\api\\src\\routes\\auth.ts:45:24\n    at C:\\Proyectos\\2025\\SIPROD\\apps\\api\\src\\routes\\auth.ts:22:21\n    at Layer.handle [as handle_request] (C:\\Proyectos\\2025\\SIPROD\\node_modules\\.pnpm\\express@4.21.2\\node_modules\\express\\lib\\router\\layer.js:95:5)\n    at next (C:\\Proyectos\\2025\\SIPROD\\node_modules\\.pnpm\\express@4.21.2\\node_modules\\express\\lib\\router\\route.js:149:13)\n    at Route.dispatch (C:\\Proyectos\\2025\\SIPROD\\node_modules\\.pnpm\\express@4.21.2\\node_modules\\express\\lib\\router\\route.js:119:3)\n    at Layer.handle [as handle_request] (C:\\Proyectos\\2025\\SIPROD\\node_modules\\.pnpm\\express@4.21.2\\node_modules\\express\\lib\\router\\layer.js:95:5)\n    at C:\\Proyectos\\2025\\SIPROD\\node_modules\\.pnpm\\express@4.21.2\\node_modules\\express\\lib\\router\\index.js:284:15\n    at Function.process_params (C:\\Proyectos\\2025\\SIPROD\\node_modules\\.pnpm\\express@4.21.2\\node_modules\\express\\lib\\router\\index.js:346:12)\n    at next (C:\\Proyectos\\2025\\SIPROD\\node_modules\\.pnpm\\express@4.21.2\\node_modules\\express\\lib\\router\\index.js:280:10)"
}
2024-12-29 01:07:03 [[31merror[39m]: Error en validación de token: Token no proporcionado {
  "statusCode": 401,
  "isOperational": true,
  "stack": "Error: Token no proporcionado\n    at AuthController.validateToken (C:\\Proyectos\\2025\\SIPROD\\apps\\api\\src\\controllers\\auth.controller.ts:82:15)\n    at C:\\Proyectos\\2025\\SIPROD\\apps\\api\\src\\routes\\auth.ts:45:24\n    at C:\\Proyectos\\2025\\SIPROD\\apps\\api\\src\\routes\\auth.ts:22:21\n    at Layer.handle [as handle_request] (C:\\Proyectos\\2025\\SIPROD\\node_modules\\.pnpm\\express@4.21.2\\node_modules\\express\\lib\\router\\layer.js:95:5)\n    at next (C:\\Proyectos\\2025\\SIPROD\\node_modules\\.pnpm\\express@4.21.2\\node_modules\\express\\lib\\router\\route.js:149:13)\n    at Route.dispatch (C:\\Proyectos\\2025\\SIPROD\\node_modules\\.pnpm\\express@4.21.2\\node_modules\\express\\lib\\router\\route.js:119:3)\n    at Layer.handle [as handle_request] (C:\\Proyectos\\2025\\SIPROD\\node_modules\\.pnpm\\express@4.21.2\\node_modules\\express\\lib\\router\\layer.js:95:5)\n    at C:\\Proyectos\\2025\\SIPROD\\node_modules\\.pnpm\\express@4.21.2\\node_modules\\express\\lib\\router\\index.js:284:15\n    at Function.process_params (C:\\Proyectos\\2025\\SIPROD\\node_modules\\.pnpm\\express@4.21.2\\node_modules\\express\\lib\\router\\index.js:346:12)\n    at next (C:\\Proyectos\\2025\\SIPROD\\node_modules\\.pnpm\\express@4.21.2\\node_modules\\express\\lib\\router\\index.js:280:10)"
}
2024-12-29 01:07:05 [[31merror[39m]: Error en validación de token: Token no proporcionado {
  "statusCode": 401,
  "isOperational": true,
  "stack": "Error: Token no proporcionado\n    at AuthController.validateToken (C:\\Proyectos\\2025\\SIPROD\\apps\\api\\src\\controllers\\auth.controller.ts:82:15)\n    at C:\\Proyectos\\2025\\SIPROD\\apps\\api\\src\\routes\\auth.ts:45:24\n    at C:\\Proyectos\\2025\\SIPROD\\apps\\api\\src\\routes\\auth.ts:22:21\n    at Layer.handle [as handle_request] (C:\\Proyectos\\2025\\SIPROD\\node_modules\\.pnpm\\express@4.21.2\\node_modules\\express\\lib\\router\\layer.js:95:5)\n    at next (C:\\Proyectos\\2025\\SIPROD\\node_modules\\.pnpm\\express@4.21.2\\node_modules\\express\\lib\\router\\route.js:149:13)\n    at Route.dispatch (C:\\Proyectos\\2025\\SIPROD\\node_modules\\.pnpm\\express@4.21.2\\node_modules\\express\\lib\\router\\route.js:119:3)\n    at Layer.handle [as handle_request] (C:\\Proyectos\\2025\\SIPROD\\node_modules\\.pnpm\\express@4.21.2\\node_modules\\express\\lib\\router\\layer.js:95:5)\n    at C:\\Proyectos\\2025\\SIPROD\\node_modules\\.pnpm\\express@4.21.2\\node_modules\\express\\lib\\router\\index.js:284:15\n    at Function.process_params (C:\\Proyectos\\2025\\SIPROD\\node_modules\\.pnpm\\express@4.21.2\\node_modules\\express\\lib\\router\\index.js:346:12)\n    at next (C:\\Proyectos\\2025\\SIPROD\\node_modules\\.pnpm\\express@4.21.2\\node_modules\\express\\lib\\router\\index.js:280:10)"
}
2024-12-29 01:07:05 [[31merror[39m]: Error en validación de token: Token no proporcionado {
  "statusCode": 401,
  "isOperational": true,
  "stack": "Error: Token no proporcionado\n    at AuthController.validateToken (C:\\Proyectos\\2025\\SIPROD\\apps\\api\\src\\controllers\\auth.controller.ts:82:15)\n    at C:\\Proyectos\\2025\\SIPROD\\apps\\api\\src\\routes\\auth.ts:45:24\n    at C:\\Proyectos\\2025\\SIPROD\\apps\\api\\src\\routes\\auth.ts:22:21\n    at Layer.handle [as handle_request] (C:\\Proyectos\\2025\\SIPROD\\node_modules\\.pnpm\\express@4.21.2\\node_modules\\express\\lib\\router\\layer.js:95:5)\n    at next (C:\\Proyectos\\2025\\SIPROD\\node_modules\\.pnpm\\express@4.21.2\\node_modules\\express\\lib\\router\\route.js:149:13)\n    at Route.dispatch (C:\\Proyectos\\2025\\SIPROD\\node_modules\\.pnpm\\express@4.21.2\\node_modules\\express\\lib\\router\\route.js:119:3)\n    at Layer.handle [as handle_request] (C:\\Proyectos\\2025\\SIPROD\\node_modules\\.pnpm\\express@4.21.2\\node_modules\\express\\lib\\router\\layer.js:95:5)\n    at C:\\Proyectos\\2025\\SIPROD\\node_modules\\.pnpm\\express@4.21.2\\node_modules\\express\\lib\\router\\index.js:284:15\n    at Function.process_params (C:\\Proyectos\\2025\\SIPROD\\node_modules\\.pnpm\\express@4.21.2\\node_modules\\express\\lib\\router\\index.js:346:12)\n    at next (C:\\Proyectos\\2025\\SIPROD\\node_modules\\.pnpm\\express@4.21.2\\node_modules\\express\\lib\\router\\index.js:280:10)"
}
2024-12-29 01:07:07 [[31merror[39m]: Error en validación de token: Token no proporcionado {
  "statusCode": 401,
  "isOperational": true,
  "stack": "Error: Token no proporcionado\n    at AuthController.validateToken (C:\\Proyectos\\2025\\SIPROD\\apps\\api\\src\\controllers\\auth.controller.ts:82:15)\n    at C:\\Proyectos\\2025\\SIPROD\\apps\\api\\src\\routes\\auth.ts:45:24\n    at C:\\Proyectos\\2025\\SIPROD\\apps\\api\\src\\routes\\auth.ts:22:21\n    at Layer.handle [as handle_request] (C:\\Proyectos\\2025\\SIPROD\\node_modules\\.pnpm\\express@4.21.2\\node_modules\\express\\lib\\router\\layer.js:95:5)\n    at next (C:\\Proyectos\\2025\\SIPROD\\node_modules\\.pnpm\\express@4.21.2\\node_modules\\express\\lib\\router\\route.js:149:13)\n    at Route.dispatch (C:\\Proyectos\\2025\\SIPROD\\node_modules\\.pnpm\\express@4.21.2\\node_modules\\express\\lib\\router\\route.js:119:3)\n    at Layer.handle [as handle_request] (C:\\Proyectos\\2025\\SIPROD\\node_modules\\.pnpm\\express@4.21.2\\node_modules\\express\\lib\\router\\layer.js:95:5)\n    at C:\\Proyectos\\2025\\SIPROD\\node_modules\\.pnpm\\express@4.21.2\\node_modules\\express\\lib\\router\\index.js:284:15\n    at Function.process_params (C:\\Proyectos\\2025\\SIPROD\\node_modules\\.pnpm\\express@4.21.2\\node_modules\\express\\lib\\router\\index.js:346:12)\n    at next (C:\\Proyectos\\2025\\SIPROD\\node_modules\\.pnpm\\express@4.21.2\\node_modules\\express\\lib\\router\\index.js:280:10)"
}
2024-12-29 01:07:07 [[31merror[39m]: Error en validación de token: Token no proporcionado {
  "statusCode": 401,
  "isOperational": true,
  "stack": "Error: Token no proporcionado\n    at AuthController.validateToken (C:\\Proyectos\\2025\\SIPROD\\apps\\api\\src\\controllers\\auth.controller.ts:82:15)\n    at C:\\Proyectos\\2025\\SIPROD\\apps\\api\\src\\routes\\auth.ts:45:24\n    at C:\\Proyectos\\2025\\SIPROD\\apps\\api\\src\\routes\\auth.ts:22:21\n    at Layer.handle [as handle_request] (C:\\Proyectos\\2025\\SIPROD\\node_modules\\.pnpm\\express@4.21.2\\node_modules\\express\\lib\\router\\layer.js:95:5)\n    at next (C:\\Proyectos\\2025\\SIPROD\\node_modules\\.pnpm\\express@4.21.2\\node_modules\\express\\lib\\router\\route.js:149:13)\n    at Route.dispatch (C:\\Proyectos\\2025\\SIPROD\\node_modules\\.pnpm\\express@4.21.2\\node_modules\\express\\lib\\router\\route.js:119:3)\n    at Layer.handle [as handle_request] (C:\\Proyectos\\2025\\SIPROD\\node_modules\\.pnpm\\express@4.21.2\\node_modules\\express\\lib\\router\\layer.js:95:5)\n    at C:\\Proyectos\\2025\\SIPROD\\node_modules\\.pnpm\\express@4.21.2\\node_modules\\express\\lib\\router\\index.js:284:15\n    at Function.process_params (C:\\Proyectos\\2025\\SIPROD\\node_modules\\.pnpm\\express@4.21.2\\node_modules\\express\\lib\\router\\index.js:346:12)\n    at next (C:\\Proyectos\\2025\\SIPROD\\node_modules\\.pnpm\\express@4.21.2\\node_modules\\express\\lib\\router\\index.js:280:10)"
}
